(2024-05-09 13:50:12,702) [INFO] ================================================== (at run.py)
(2024-05-09 13:50:12,702) [INFO] [32m[Step 1] 데이터 파일 존재 여부 확인 시작[0m (at run.py)
(2024-05-09 13:50:12,702) [ERROR] [31;20mQC를 수행할 데이터 파일이 존재하지 않습니다.[0m (at run.py)
(2024-05-09 13:50:12,702) [INFO] ================================================== (at run.py)
(2024-05-09 13:50:12,702) [INFO] [32m[Step 2] 정의서 파일 존재 여부 확인 시작[0m (at run.py)
(2024-05-09 13:50:12,728) [INFO] [테이블정의서] 참고할 문서 파일 경로: /Users/donghyun/Desktop/mata/01_work/2024/NexR_qc/documents/테이블정의서.xlsx (at run.py)
(2024-05-09 13:50:12,760) [INFO] [컬럼정의서] 참고할 문서 파일 경로: /Users/donghyun/Desktop/mata/01_work/2024/NexR_qc/documents/컬럼정의서.xlsx (at run.py)
(2024-05-09 13:50:12,767) [INFO] [코드정의서] 참고할 문서 파일 경로: /Users/donghyun/Desktop/mata/01_work/2024/NexR_qc/documents/코드정의서.xlsx (at run.py)
(2024-05-09 13:50:12,767) [INFO] [32m[Step 2] 정의서 파일 존재 여부를 확인 완료[0m (at run.py)
(2024-05-09 13:50:12,767) [INFO] ================================================== (at run.py)
(2024-05-09 13:50:12,767) [INFO] [32m[Step 3] 사전에 등록된 결측값 확인 시작[0m (at run.py)
(2024-05-09 13:50:12,767) [INFO] 현재 결측값으로 등록된 값은 다음과 같습니다. (at run.py)
(2024-05-09 13:50:12,767) [INFO] ['?', 'na', 'null', 'Null', 'NULL', ' ', '[NULL]', 'nan', 'np.nan'] (at run.py)
(2024-05-09 13:50:12,767) [INFO] 결측값 추가 등록을 원하시면 config.json 파일 내 naList 값에 추가 시 반영됩니다. (at run.py)
(2024-05-09 13:50:12,767) [INFO] [32m[Step 3] 사전에 등록된 결측값 확인 완료[0m (at run.py)
(2024-05-09 13:50:12,767) [INFO] ================================================== (at run.py)
(2024-05-09 13:50:12,767) [INFO] [32m[Step 4] QC 사전 정보 확인 시작[0m (at run.py)
(2024-05-09 13:50:12,767) [INFO] ------------------------------ (at run.py)
(2024-05-09 13:50:12,767) [INFO] [Step 4-1] 데이터 자체 정보 확인 시작 (at run.py)
(2024-05-09 13:50:12,767) [INFO] [Step 4-1] 데이터 자체 정보 확인 완료 (at run.py)
(2024-05-09 13:50:12,767) [INFO] ------------------------------ (at run.py)
(2024-05-09 13:50:12,767) [INFO] [Step 4-2] 정의서 문서 정보 확인 시작 (at run.py)
(2024-05-09 13:50:12,768) [INFO] [Step 4-2] 정의서 문서 정보 확인 완료 (at run.py)
(2024-05-09 13:50:12,768) [INFO] [32m[Step 4] QC 사전 정보 확인 완료[0m (at run.py)
(2024-05-09 13:50:12,768) [INFO] ================================================== (at run.py)
(2024-05-09 13:50:12,768) [INFO] [32m[Step 5] 항목별 데이터 QC 시작[0m (at run.py)
(2024-05-09 13:50:12,768) [INFO] [32m[Step 5] 항목별 데이터 QC 완료[0m (at run.py)
(2024-05-09 13:50:12,768) [INFO] ================================================== (at run.py)
(2024-05-09 13:50:12,768) [INFO] [32m[Step 6] 데이터 QC 결과 저장 작업 시작[0m (at run.py)
(2024-05-09 13:50:12,770) [INFO] 테이블 리스트 시트 생성 완료 (at run.py)
(2024-05-09 13:50:12,775) [INFO] 테이블 리스트 시트 서식 편집 완료 (at run.py)
(2024-05-09 13:50:12,778) [INFO] [32m[Step 6] 데이터 QC 결과 저장 작업 완료[0m (at run.py)
(2024-05-09 13:50:12,778) [INFO] [32m모든 QC 프로세스가 완료되었습니다.[0m (at run.py)
(2024-05-09 13:50:12,778) [INFO] 소요시간: 00:00:00 (at run.py)
(2024-05-09 13:50:12,778) [INFO] 산출물 파일 경로: [34m/Users/donghyun/Desktop/mata/01_work/2024/NexR_qc/output/QC결과서_20240509_135012.xlsx[0m (at run.py)
