(2024-05-09 13:56:33,543) [INFO] ================================================== (at run.py)
(2024-05-09 13:56:33,544) [INFO] [32m[Step 1] 데이터 파일 존재 여부 확인 시작[0m (at run.py)
(2024-05-09 13:56:33,544) [INFO] 총 5 개의 데이터 파일이 존재합니다. (at run.py)
(2024-05-09 13:56:36,783) [INFO] [32m[Step 1] 데이터 파일 존재 여부 확인 완료[0m (at run.py)
(2024-05-09 13:56:36,784) [INFO] ================================================== (at run.py)
(2024-05-09 13:56:36,784) [INFO] [32m[Step 2] 정의서 파일 존재 여부 확인 시작[0m (at run.py)
(2024-05-09 13:56:36,813) [INFO] [테이블정의서] 참고할 문서 파일 경로: /Users/donghyun/Desktop/mata/01_work/2024/NexR_qc/documents/테이블정의서.xlsx (at run.py)
(2024-05-09 13:56:36,846) [INFO] [컬럼정의서] 참고할 문서 파일 경로: /Users/donghyun/Desktop/mata/01_work/2024/NexR_qc/documents/컬럼정의서.xlsx (at run.py)
(2024-05-09 13:56:36,853) [INFO] [코드정의서] 참고할 문서 파일 경로: /Users/donghyun/Desktop/mata/01_work/2024/NexR_qc/documents/코드정의서.xlsx (at run.py)
(2024-05-09 13:56:36,853) [INFO] [32m[Step 2] 정의서 파일 존재 여부를 확인 완료[0m (at run.py)
(2024-05-09 13:56:36,853) [INFO] ================================================== (at run.py)
(2024-05-09 13:56:36,853) [INFO] [32m[Step 3] 사전에 등록된 결측값 확인 시작[0m (at run.py)
(2024-05-09 13:56:36,853) [INFO] 현재 결측값으로 등록된 값은 다음과 같습니다. (at run.py)
(2024-05-09 13:56:36,853) [INFO] ['?', 'na', 'null', 'Null', 'NULL', ' ', '[NULL]', 'nan', 'np.nan'] (at run.py)
(2024-05-09 13:56:36,853) [INFO] 결측값 추가 등록을 원하시면 config.json 파일 내 naList 값에 추가 시 반영됩니다. (at run.py)
(2024-05-09 13:56:36,853) [INFO] [32m[Step 3] 사전에 등록된 결측값 확인 완료[0m (at run.py)
(2024-05-09 13:56:36,853) [INFO] ================================================== (at run.py)
(2024-05-09 13:56:36,853) [INFO] [32m[Step 4] QC 사전 정보 확인 시작[0m (at run.py)
(2024-05-09 13:56:36,854) [INFO] ------------------------------ (at run.py)
(2024-05-09 13:56:36,854) [INFO] [Step 4-1] 데이터 자체 정보 확인 시작 (at run.py)
(2024-05-09 13:56:36,854) [INFO] 1 번째 데이터명: 원자재_종가_데이터.CSV (at run.py)
(2024-05-09 13:56:36,854) [INFO] 2 번째 데이터명: ZBZ_TX_HISTORY.CSV (at run.py)
(2024-05-09 13:56:36,854) [INFO] 3 번째 데이터명: CAB_RIDES.CSV (at run.py)
(2024-05-09 13:56:36,854) [INFO] 4 번째 데이터명: CNT_TX_HISTORY.CSV (at run.py)
(2024-05-09 13:56:36,854) [INFO] 5 번째 데이터명: ZTC_TX_HISTORY.CSV (at run.py)
(2024-05-09 13:56:36,854) [INFO] [Step 4-1] 데이터 자체 정보 확인 완료 (at run.py)
(2024-05-09 13:56:36,854) [INFO] ------------------------------ (at run.py)
(2024-05-09 13:56:36,854) [INFO] [Step 4-2] 정의서 문서 정보 확인 시작 (at run.py)
(2024-05-09 13:56:36,854) [INFO] 테이블 정의서 내 원자재_종가_데이터.CSV 정보 확인 시작 (at run.py)
(2024-05-09 13:56:36,854) [INFO] 테이블 정의서에 원자재_종가_데이터.CSV 테이블 정보가 존재하지 않습니다. (at run.py)
(2024-05-09 13:56:36,855) [INFO] 테이블 정의서 내 원자재_종가_데이터.CSV 정보 확인 완료 (at run.py)
(2024-05-09 13:56:36,855) [INFO] 코드 정의서 내 원자재_종가_데이터.CSV 정보 확인 시작 (at run.py)
(2024-05-09 13:56:36,856) [INFO] 코드 정의서 내 원자재_종가_데이터.CSV 정보 확인 완료 (at run.py)
(2024-05-09 13:56:36,856) [INFO] 컬럼 정의서 내 원자재_종가_데이터.CSV 정보 확인 시작 (at run.py)
(2024-05-09 13:56:36,857) [INFO] 컬럼 정의서에 원자재_종가_데이터.CSV 테이블의 컬럼 정보가 존재하지 않습니다. (at run.py)
(2024-05-09 13:56:36,857) [INFO] 테이블 정의서 내 ZBZ_TX_HISTORY.CSV 정보 확인 시작 (at run.py)
(2024-05-09 13:56:36,857) [INFO] 테이블 정의서에 ZBZ_TX_HISTORY.CSV 테이블 정보가 존재하지 않습니다. (at run.py)
(2024-05-09 13:56:36,857) [INFO] 테이블 정의서 내 ZBZ_TX_HISTORY.CSV 정보 확인 완료 (at run.py)
(2024-05-09 13:56:36,858) [INFO] 코드 정의서 내 ZBZ_TX_HISTORY.CSV 정보 확인 시작 (at run.py)
(2024-05-09 13:56:36,858) [INFO] 코드 정의서 내 ZBZ_TX_HISTORY.CSV 정보 확인 완료 (at run.py)
(2024-05-09 13:56:36,858) [INFO] 컬럼 정의서 내 ZBZ_TX_HISTORY.CSV 정보 확인 시작 (at run.py)
(2024-05-09 13:56:36,858) [INFO] 컬럼 정의서에 ZBZ_TX_HISTORY.CSV 테이블의 컬럼 정보가 존재하지 않습니다. (at run.py)
(2024-05-09 13:56:36,858) [INFO] 테이블 정의서 내 CAB_RIDES.CSV 정보 확인 시작 (at run.py)
(2024-05-09 13:56:36,858) [INFO] 테이블 정의서에 CAB_RIDES.CSV 테이블 정보가 존재하지 않습니다. (at run.py)
(2024-05-09 13:56:36,858) [INFO] 테이블 정의서 내 CAB_RIDES.CSV 정보 확인 완료 (at run.py)
(2024-05-09 13:56:36,858) [INFO] 코드 정의서 내 CAB_RIDES.CSV 정보 확인 시작 (at run.py)
(2024-05-09 13:56:36,859) [INFO] 코드 정의서 내 CAB_RIDES.CSV 정보 확인 완료 (at run.py)
(2024-05-09 13:56:36,859) [INFO] 컬럼 정의서 내 CAB_RIDES.CSV 정보 확인 시작 (at run.py)
(2024-05-09 13:56:36,859) [INFO] 컬럼 정의서에 CAB_RIDES.CSV 테이블의 컬럼 정보가 존재하지 않습니다. (at run.py)
(2024-05-09 13:56:36,859) [INFO] 테이블 정의서 내 CNT_TX_HISTORY.CSV 정보 확인 시작 (at run.py)
(2024-05-09 13:56:36,859) [INFO] 테이블 정의서에 CNT_TX_HISTORY.CSV 테이블 정보가 존재하지 않습니다. (at run.py)
(2024-05-09 13:56:36,859) [INFO] 테이블 정의서 내 CNT_TX_HISTORY.CSV 정보 확인 완료 (at run.py)
(2024-05-09 13:56:36,859) [INFO] 코드 정의서 내 CNT_TX_HISTORY.CSV 정보 확인 시작 (at run.py)
(2024-05-09 13:56:36,859) [INFO] 코드 정의서 내 CNT_TX_HISTORY.CSV 정보 확인 완료 (at run.py)
(2024-05-09 13:56:36,860) [INFO] 컬럼 정의서 내 CNT_TX_HISTORY.CSV 정보 확인 시작 (at run.py)
(2024-05-09 13:56:36,860) [INFO] 컬럼 정의서에 CNT_TX_HISTORY.CSV 테이블의 컬럼 정보가 존재하지 않습니다. (at run.py)
(2024-05-09 13:56:36,860) [INFO] 테이블 정의서 내 ZTC_TX_HISTORY.CSV 정보 확인 시작 (at run.py)
(2024-05-09 13:56:36,860) [INFO] 테이블 정의서에 ZTC_TX_HISTORY.CSV 테이블 정보가 존재하지 않습니다. (at run.py)
(2024-05-09 13:56:36,860) [INFO] 테이블 정의서 내 ZTC_TX_HISTORY.CSV 정보 확인 완료 (at run.py)
(2024-05-09 13:56:36,860) [INFO] 코드 정의서 내 ZTC_TX_HISTORY.CSV 정보 확인 시작 (at run.py)
(2024-05-09 13:56:36,860) [INFO] 코드 정의서 내 ZTC_TX_HISTORY.CSV 정보 확인 완료 (at run.py)
(2024-05-09 13:56:36,860) [INFO] 컬럼 정의서 내 ZTC_TX_HISTORY.CSV 정보 확인 시작 (at run.py)
(2024-05-09 13:56:36,861) [INFO] 컬럼 정의서에 ZTC_TX_HISTORY.CSV 테이블의 컬럼 정보가 존재하지 않습니다. (at run.py)
(2024-05-09 13:56:36,861) [INFO] [Step 4-2] 정의서 문서 정보 확인 완료 (at run.py)
(2024-05-09 13:56:36,861) [INFO] [32m[Step 4] QC 사전 정보 확인 완료[0m (at run.py)
(2024-05-09 13:56:36,861) [INFO] ================================================== (at run.py)
(2024-05-09 13:56:36,861) [INFO] [32m[Step 5] 항목별 데이터 QC 시작[0m (at run.py)
(2024-05-09 13:56:36,861) [INFO] [원자재_종가_데이터.CSV] QC 시작 (at run.py)
(2024-05-09 13:56:36,902) [INFO] [원자재_종가_데이터.CSV] QC 완료 (at run.py)
(2024-05-09 13:56:36,902) [INFO] [ZBZ_TX_HISTORY.CSV] QC 시작 (at run.py)
(2024-05-09 13:56:36,915) [INFO] [ZBZ_TX_HISTORY.CSV] QC 완료 (at run.py)
(2024-05-09 13:56:36,915) [INFO] [CAB_RIDES.CSV] QC 시작 (at run.py)
(2024-05-09 13:56:42,508) [INFO] [CAB_RIDES.CSV] QC 완료 (at run.py)
(2024-05-09 13:56:42,508) [INFO] [CNT_TX_HISTORY.CSV] QC 시작 (at run.py)
(2024-05-09 13:56:42,537) [INFO] [CNT_TX_HISTORY.CSV] QC 완료 (at run.py)
(2024-05-09 13:56:42,537) [INFO] [ZTC_TX_HISTORY.CSV] QC 시작 (at run.py)
(2024-05-09 13:56:43,073) [INFO] [ZTC_TX_HISTORY.CSV] QC 완료 (at run.py)
(2024-05-09 13:56:43,073) [INFO] [32m[Step 5] 항목별 데이터 QC 완료[0m (at run.py)
(2024-05-09 13:56:43,073) [INFO] ================================================== (at run.py)
(2024-05-09 13:56:43,073) [INFO] [32m[Step 6] 데이터 QC 결과 저장 작업 시작[0m (at run.py)
(2024-05-09 13:56:43,080) [INFO] 테이블 리스트 시트 생성 완료 (at run.py)
(2024-05-09 13:56:43,126) [INFO] 5 / 5 번째 엑셀 시트 생성 완료 (at run.py)
(2024-05-09 13:56:43,177) [INFO] 테이블 리스트 시트 서식 편집 완료 (at run.py)
(2024-05-09 13:56:43,324) [INFO] 5 / 5 번째 엑셀 시트 서식 편집 완료 (at run.py)
(2024-05-09 13:56:43,346) [INFO] [32m[Step 6] 데이터 QC 결과 저장 작업 완료[0m (at run.py)
(2024-05-09 13:56:43,346) [INFO] [32m모든 QC 프로세스가 완료되었습니다.[0m (at run.py)
(2024-05-09 13:56:43,346) [INFO] 소요시간: 00:00:09 (at run.py)
(2024-05-09 13:56:43,346) [INFO] 산출물 파일 경로: [34m/Users/donghyun/Desktop/mata/01_work/2024/NexR_qc/output/QC결과서_20240509_135643.xlsx[0m (at run.py)
