(2024-05-03 14:47:30,695) [INFO] ================================================== (at run.py)
(2024-05-03 14:47:30,695) [INFO] [32m[Step 1] 데이터 파일 존재 여부 확인 시작[0m (at run.py)
(2024-05-03 14:47:30,695) [INFO] 총 5 개의 데이터 파일이 존재합니다. (at run.py)
(2024-05-03 14:47:33,112) [INFO] [32m[Step 1] 데이터 파일 존재 여부 확인 완료[0m (at run.py)
(2024-05-03 14:47:33,112) [INFO] ================================================== (at run.py)
(2024-05-03 14:47:33,112) [INFO] [32m[Step 2] 정의서 파일 존재 여부 확인 시작[0m (at run.py)
(2024-05-03 14:47:33,140) [INFO] [테이블정의서] 참고할 문서 파일 경로: /Users/donghyun/Desktop/mata/01_work/2024/NexR_qc/documents/테이블정의서.xlsx (at run.py)
(2024-05-03 14:47:33,173) [INFO] [컬럼정의서] 참고할 문서 파일 경로: /Users/donghyun/Desktop/mata/01_work/2024/NexR_qc/documents/컬럼정의서.xlsx (at run.py)
(2024-05-03 14:47:33,180) [INFO] [코드정의서] 참고할 문서 파일 경로: /Users/donghyun/Desktop/mata/01_work/2024/NexR_qc/documents/코드정의서.xlsx (at run.py)
(2024-05-03 14:47:33,180) [INFO] [32m[Step 2] 정의서 파일 존재 여부를 확인 완료[0m (at run.py)
(2024-05-03 14:47:33,180) [INFO] ================================================== (at run.py)
(2024-05-03 14:47:33,180) [INFO] [32m[Step 3] 사전에 등록된 결측값 확인 시작[0m (at run.py)
(2024-05-03 14:47:33,181) [INFO] 현재 결측값으로 등록된 값은 다음과 같습니다. (at run.py)
(2024-05-03 14:47:33,181) [INFO] ['?', 'na', 'null', 'Null', 'NULL', ' ', '[NULL]', 'nan', 'np.nan'] (at run.py)
(2024-05-03 14:47:33,181) [INFO] 결측값 추가 등록을 원하시면 config.json 파일 내 naList 값에 추가 시 반영됩니다. (at run.py)
(2024-05-03 14:47:33,181) [INFO] [32m[Step 3] 사전에 등록된 결측값 확인 완료[0m (at run.py)
(2024-05-03 14:47:33,181) [INFO] ================================================== (at run.py)
(2024-05-03 14:47:33,181) [INFO] [32m[Step 4] QC 사전 정보 확인 시작[0m (at run.py)
(2024-05-03 14:47:33,181) [INFO] ------------------------------ (at run.py)
(2024-05-03 14:47:33,181) [INFO] [Step 4-1] 데이터 자체 정보 확인 시작 (at run.py)
(2024-05-03 14:47:33,181) [INFO] 1 번째 데이터명: 원자재_종가_데이터 (at run.py)
(2024-05-03 14:47:33,181) [INFO] 2 번째 데이터명: ZBZ_TX_HISTORY (at run.py)
(2024-05-03 14:47:33,181) [INFO] 3 번째 데이터명: CAB_RIDES (at run.py)
(2024-05-03 14:47:33,181) [INFO] 4 번째 데이터명: CNT_TX_HISTORY (at run.py)
(2024-05-03 14:47:33,181) [INFO] 5 번째 데이터명: ZTC_TX_HISTORY (at run.py)
(2024-05-03 14:47:33,181) [INFO] [Step 4-1] 데이터 자체 정보 확인 완료 (at run.py)
(2024-05-03 14:47:33,181) [INFO] ------------------------------ (at run.py)
(2024-05-03 14:47:33,181) [INFO] [Step 4-2] 정의서 문서 정보 확인 시작 (at run.py)
(2024-05-03 14:47:33,181) [INFO] 테이블 정의서 내 원자재_종가_데이터 정보 확인 시작 (at run.py)
(2024-05-03 14:47:33,182) [INFO] 테이블 정의서에 원자재_종가_데이터 테이블 정보가 존재하지 않습니다. (at run.py)
(2024-05-03 14:47:33,183) [INFO] 테이블 정의서 내 원자재_종가_데이터 정보 확인 완료 (at run.py)
(2024-05-03 14:47:33,183) [INFO] 코드 정의서 내 원자재_종가_데이터 정보 확인 시작 (at run.py)
(2024-05-03 14:47:33,184) [INFO] 코드 정의서 내 원자재_종가_데이터 정보 확인 완료 (at run.py)
(2024-05-03 14:47:33,184) [INFO] 컬럼 정의서 내 원자재_종가_데이터 정보 확인 시작 (at run.py)
(2024-05-03 14:47:33,185) [INFO] 컬럼 정의서에 원자재_종가_데이터 테이블의 컬럼 정보가 존재하지 않습니다. (at run.py)
(2024-05-03 14:47:33,185) [INFO] 테이블 정의서 내 ZBZ_TX_HISTORY 정보 확인 시작 (at run.py)
(2024-05-03 14:47:33,185) [INFO] 테이블 정의서에 ZBZ_TX_HISTORY 테이블 정보가 존재합니다. (at run.py)
(2024-05-03 14:47:33,186) [INFO] 테이블 정의서 내 ZBZ_TX_HISTORY 정보 확인 완료 (at run.py)
(2024-05-03 14:47:33,186) [INFO] 코드 정의서 내 ZBZ_TX_HISTORY 정보 확인 시작 (at run.py)
(2024-05-03 14:47:33,186) [INFO] 코드 정의서 내 ZBZ_TX_HISTORY 정보 확인 완료 (at run.py)
(2024-05-03 14:47:33,186) [INFO] 컬럼 정의서 내 ZBZ_TX_HISTORY 정보 확인 시작 (at run.py)
(2024-05-03 14:47:33,186) [INFO] 컬럼 정의서에 ZBZ_TX_HISTORY 테이블의 컬럼 정보가 존재합니다. (at run.py)
(2024-05-03 14:47:33,186) [INFO] 컬럼 정의서에 ZBZ_TX_HISTORY 테이블의 TX HASH 컬럼 정보가 존재합니다. (at run.py)
(2024-05-03 14:47:33,187) [INFO] 컬럼 정의서에 ZBZ_TX_HISTORY 테이블의 BLOCK # 컬럼 정보가 존재합니다. (at run.py)
(2024-05-03 14:47:33,187) [INFO] 컬럼 정의서에 ZBZ_TX_HISTORY 테이블의 TIME(KST) 컬럼 정보가 존재합니다. (at run.py)
(2024-05-03 14:47:33,187) [INFO] 컬럼 정의서에 ZBZ_TX_HISTORY 테이블의 FROM 컬럼 정보가 존재합니다. (at run.py)
(2024-05-03 14:47:33,187) [INFO] 컬럼 정의서에 ZBZ_TX_HISTORY 테이블의 TO 컬럼 정보가 존재합니다. (at run.py)
(2024-05-03 14:47:33,188) [INFO] 컬럼 정의서에 ZBZ_TX_HISTORY 테이블의 AMOUNT 컬럼 정보가 존재합니다. (at run.py)
(2024-05-03 14:47:33,188) [INFO] 컬럼 정의서에 ZBZ_TX_HISTORY 테이블의 TOKEN ADDRESS 컬럼 정보가 존재합니다. (at run.py)
(2024-05-03 14:47:33,188) [INFO] 컬럼 정의서에 ZBZ_TX_HISTORY 테이블의 TOKEN NAME 컬럼 정보가 존재합니다. (at run.py)
(2024-05-03 14:47:33,189) [INFO] 컬럼 정의서에 ZBZ_TX_HISTORY 테이블의 TOKEN SYMBOL 컬럼 정보가 존재합니다. (at run.py)
(2024-05-03 14:47:33,189) [INFO] 테이블 정의서 내 CAB_RIDES 정보 확인 시작 (at run.py)
(2024-05-03 14:47:33,189) [INFO] 테이블 정의서에 CAB_RIDES 테이블 정보가 존재합니다. (at run.py)
(2024-05-03 14:47:33,190) [INFO] 테이블 정의서 내 CAB_RIDES 정보 확인 완료 (at run.py)
(2024-05-03 14:47:33,190) [INFO] 코드 정의서 내 CAB_RIDES 정보 확인 시작 (at run.py)
(2024-05-03 14:47:33,190) [INFO] 코드 정의서 내 CAB_RIDES 정보 확인 완료 (at run.py)
(2024-05-03 14:47:33,190) [INFO] 컬럼 정의서 내 CAB_RIDES 정보 확인 시작 (at run.py)
(2024-05-03 14:47:33,190) [INFO] 컬럼 정의서에 CAB_RIDES 테이블의 컬럼 정보가 존재합니다. (at run.py)
(2024-05-03 14:47:33,190) [INFO] 컬럼 정의서에 CAB_RIDES 테이블의 distance 컬럼 정보가 존재합니다. (at run.py)
(2024-05-03 14:47:33,191) [INFO] 컬럼 정의서에 CAB_RIDES 테이블의 cab_type 컬럼 정보가 존재합니다. (at run.py)
(2024-05-03 14:47:33,191) [INFO] 컬럼 정의서에 CAB_RIDES 테이블의 time_stamp 컬럼 정보가 존재합니다. (at run.py)
(2024-05-03 14:47:33,191) [INFO] 컬럼 정의서에 CAB_RIDES 테이블의 destination 컬럼 정보가 존재합니다. (at run.py)
(2024-05-03 14:47:33,192) [INFO] 컬럼 정의서에 CAB_RIDES 테이블의 source 컬럼 정보가 존재합니다. (at run.py)
(2024-05-03 14:47:33,192) [INFO] 컬럼 정의서에 CAB_RIDES 테이블의 price 컬럼 정보가 존재합니다. (at run.py)
(2024-05-03 14:47:33,192) [INFO] 컬럼 정의서에 CAB_RIDES 테이블의 surge_multiplier 컬럼 정보가 존재합니다. (at run.py)
(2024-05-03 14:47:33,193) [INFO] 컬럼 정의서에 CAB_RIDES 테이블의 id 컬럼 정보가 존재합니다. (at run.py)
(2024-05-03 14:47:33,193) [INFO] 컬럼 정의서에 CAB_RIDES 테이블의 product_id 컬럼 정보가 존재합니다. (at run.py)
(2024-05-03 14:47:33,193) [INFO] 컬럼 정의서에 CAB_RIDES 테이블의 name 컬럼 정보가 존재합니다. (at run.py)
(2024-05-03 14:47:33,194) [INFO] 테이블 정의서 내 CNT_TX_HISTORY 정보 확인 시작 (at run.py)
(2024-05-03 14:47:33,194) [INFO] 테이블 정의서에 CNT_TX_HISTORY 테이블 정보가 존재합니다. (at run.py)
(2024-05-03 14:47:33,194) [INFO] 테이블 정의서 내 CNT_TX_HISTORY 정보 확인 완료 (at run.py)
(2024-05-03 14:47:33,194) [INFO] 코드 정의서 내 CNT_TX_HISTORY 정보 확인 시작 (at run.py)
(2024-05-03 14:47:33,194) [INFO] 코드 정의서 내 CNT_TX_HISTORY 정보 확인 완료 (at run.py)
(2024-05-03 14:47:33,194) [INFO] 컬럼 정의서 내 CNT_TX_HISTORY 정보 확인 시작 (at run.py)
(2024-05-03 14:47:33,195) [INFO] 컬럼 정의서에 CNT_TX_HISTORY 테이블의 컬럼 정보가 존재합니다. (at run.py)
(2024-05-03 14:47:33,195) [INFO] 컬럼 정의서에 CNT_TX_HISTORY 테이블의 TX HASH 컬럼 정보가 존재합니다. (at run.py)
(2024-05-03 14:47:33,195) [INFO] 컬럼 정의서에 CNT_TX_HISTORY 테이블의 BLOCK # 컬럼 정보가 존재합니다. (at run.py)
(2024-05-03 14:47:33,196) [INFO] 컬럼 정의서에 CNT_TX_HISTORY 테이블의 TIME(KST) 컬럼 정보가 존재합니다. (at run.py)
(2024-05-03 14:47:33,196) [INFO] 컬럼 정의서에 CNT_TX_HISTORY 테이블의 FROM 컬럼 정보가 존재합니다. (at run.py)
(2024-05-03 14:47:33,196) [INFO] 컬럼 정의서에 CNT_TX_HISTORY 테이블의 TO 컬럼 정보가 존재합니다. (at run.py)
(2024-05-03 14:47:33,197) [INFO] 컬럼 정의서에 CNT_TX_HISTORY 테이블의 AMOUNT 컬럼 정보가 존재합니다. (at run.py)
(2024-05-03 14:47:33,197) [INFO] 컬럼 정의서에 CNT_TX_HISTORY 테이블의 TOKEN ADDRESS 컬럼 정보가 존재합니다. (at run.py)
(2024-05-03 14:47:33,197) [INFO] 컬럼 정의서에 CNT_TX_HISTORY 테이블의 TOKEN NAME 컬럼 정보가 존재합니다. (at run.py)
(2024-05-03 14:47:33,197) [INFO] 컬럼 정의서에 CNT_TX_HISTORY 테이블의 TOKEN SYMBOL 컬럼 정보가 존재합니다. (at run.py)
(2024-05-03 14:47:33,198) [INFO] 테이블 정의서 내 ZTC_TX_HISTORY 정보 확인 시작 (at run.py)
(2024-05-03 14:47:33,198) [INFO] 테이블 정의서에 ZTC_TX_HISTORY 테이블 정보가 존재합니다. (at run.py)
(2024-05-03 14:47:33,198) [INFO] 테이블 정의서 내 ZTC_TX_HISTORY 정보 확인 완료 (at run.py)
(2024-05-03 14:47:33,198) [INFO] 코드 정의서 내 ZTC_TX_HISTORY 정보 확인 시작 (at run.py)
(2024-05-03 14:47:33,198) [INFO] 코드 정의서 내 ZTC_TX_HISTORY 정보 확인 완료 (at run.py)
(2024-05-03 14:47:33,198) [INFO] 컬럼 정의서 내 ZTC_TX_HISTORY 정보 확인 시작 (at run.py)
(2024-05-03 14:47:33,199) [INFO] 컬럼 정의서에 ZTC_TX_HISTORY 테이블의 컬럼 정보가 존재합니다. (at run.py)
(2024-05-03 14:47:33,199) [INFO] 컬럼 정의서에 ZTC_TX_HISTORY 테이블의 TX HASH 컬럼 정보가 존재합니다. (at run.py)
(2024-05-03 14:47:33,199) [INFO] 컬럼 정의서에 ZTC_TX_HISTORY 테이블의 BLOCK # 컬럼 정보가 존재합니다. (at run.py)
(2024-05-03 14:47:33,200) [INFO] 컬럼 정의서에 ZTC_TX_HISTORY 테이블의 TIME(KST) 컬럼 정보가 존재합니다. (at run.py)
(2024-05-03 14:47:33,200) [INFO] 컬럼 정의서에 ZTC_TX_HISTORY 테이블의 FROM 컬럼 정보가 존재합니다. (at run.py)
(2024-05-03 14:47:33,200) [INFO] 컬럼 정의서에 ZTC_TX_HISTORY 테이블의 TO 컬럼 정보가 존재합니다. (at run.py)
(2024-05-03 14:47:33,200) [INFO] 컬럼 정의서에 ZTC_TX_HISTORY 테이블의 AMOUNT 컬럼 정보가 존재합니다. (at run.py)
(2024-05-03 14:47:33,201) [INFO] 컬럼 정의서에 ZTC_TX_HISTORY 테이블의 TOKEN ADDRESS 컬럼 정보가 존재합니다. (at run.py)
(2024-05-03 14:47:33,201) [INFO] 컬럼 정의서에 ZTC_TX_HISTORY 테이블의 TOKEN NAME 컬럼 정보가 존재합니다. (at run.py)
(2024-05-03 14:47:33,201) [INFO] 컬럼 정의서에 ZTC_TX_HISTORY 테이블의 TOKEN SYMBOL 컬럼 정보가 존재합니다. (at run.py)
(2024-05-03 14:47:33,202) [INFO] [Step 4-2] 정의서 문서 정보 확인 완료 (at run.py)
(2024-05-03 14:47:33,202) [INFO] [32m[Step 4] QC 사전 정보 확인 완료[0m (at run.py)
(2024-05-03 14:47:33,202) [INFO] ================================================== (at run.py)
(2024-05-03 14:47:33,202) [INFO] [32m[Step 5] 항목별 데이터 QC 시작[0m (at run.py)
(2024-05-03 14:47:33,202) [INFO] [원자재_종가_데이터] QC 시작 (at run.py)
(2024-05-03 14:47:33,242) [INFO] [원자재_종가_데이터] QC 완료 (at run.py)
(2024-05-03 14:47:33,243) [INFO] [ZBZ_TX_HISTORY] QC 시작 (at run.py)
(2024-05-03 14:47:33,256) [INFO] [ZBZ_TX_HISTORY] QC 완료 (at run.py)
(2024-05-03 14:47:33,256) [INFO] [CAB_RIDES] QC 시작 (at run.py)
(2024-05-03 14:47:38,742) [INFO] [CAB_RIDES] QC 완료 (at run.py)
(2024-05-03 14:47:38,743) [INFO] [CNT_TX_HISTORY] QC 시작 (at run.py)
(2024-05-03 14:47:38,773) [INFO] [CNT_TX_HISTORY] QC 완료 (at run.py)
(2024-05-03 14:47:38,773) [INFO] [ZTC_TX_HISTORY] QC 시작 (at run.py)
(2024-05-03 14:47:39,291) [INFO] [ZTC_TX_HISTORY] QC 완료 (at run.py)
(2024-05-03 14:47:39,291) [INFO] [32m[Step 5] 항목별 데이터 QC 완료[0m (at run.py)
(2024-05-03 14:47:39,292) [INFO] ================================================== (at run.py)
(2024-05-03 14:47:39,292) [INFO] [32m[Step 6] 데이터 QC 결과 저장 작업 시작[0m (at run.py)
(2024-05-03 14:47:39,298) [INFO] 테이블 리스트 시트 생성 완료 (at run.py)
(2024-05-03 14:47:39,343) [INFO] 5 / 5 번째 엑셀 시트 생성 완료 (at run.py)
(2024-05-03 14:47:39,393) [INFO] 테이블 리스트 시트 서식 편집 완료 (at run.py)
(2024-05-03 14:47:39,541) [INFO] 5 / 5 번째 엑셀 시트 서식 편집 완료 (at run.py)
(2024-05-03 14:47:39,562) [INFO] [32m[Step 6] 데이터 QC 결과 저장 작업 완료[0m (at run.py)
(2024-05-03 14:47:39,562) [INFO] [32m모든 QC 프로세스가 완료되었습니다.[0m (at run.py)
(2024-05-03 14:47:39,562) [INFO] 소요시간: 00:00:08 (at run.py)
(2024-05-03 14:47:39,562) [INFO] 산출물 파일 경로: [34m/Users/donghyun/Desktop/mata/01_work/2024/NexR_qc/output/QC결과서_20240503_144739.xlsx[0m (at run.py)
