(2024-04-11 14:17:26,580) [INFO] ================================================== (at run.py)
(2024-04-11 14:17:26,581) [INFO] [32m[Step 1] 데이터 파일 존재 여부 확인 시작[0m (at run.py)
(2024-04-11 14:17:26,581) [INFO] 총 5 개의 데이터 파일이 존재합니다. (at run.py)
(2024-04-11 14:17:29,632) [INFO] [32m[Step 1] 데이터 파일 존재 여부 확인 완료[0m (at run.py)
(2024-04-11 14:17:29,632) [INFO] ================================================== (at run.py)
(2024-04-11 14:17:29,632) [INFO] [32m[Step 2] 정의서 파일 존재 여부 확인 시작[0m (at run.py)
(2024-04-11 14:17:29,659) [INFO] [테이블정의서] 참고할 문서 파일 경로: /Users/donghyun/Desktop/mata/01_work/2024/NexR_qc/documents/테이블정의서.xlsx (at run.py)
(2024-04-11 14:17:29,692) [INFO] [컬럼정의서] 참고할 문서 파일 경로: /Users/donghyun/Desktop/mata/01_work/2024/NexR_qc/documents/컬럼정의서.xlsx (at run.py)
(2024-04-11 14:17:29,700) [INFO] [코드정의서] 참고할 문서 파일 경로: /Users/donghyun/Desktop/mata/01_work/2024/NexR_qc/documents/코드정의서.xlsx (at run.py)
(2024-04-11 14:17:29,700) [INFO] [32m[Step 2] 정의서 파일 존재 여부를 확인 완료[0m (at run.py)
(2024-04-11 14:17:29,700) [INFO] ================================================== (at run.py)
(2024-04-11 14:17:29,700) [INFO] [32m[Step 3] 사전에 등록된 결측값 확인 시작[0m (at run.py)
(2024-04-11 14:17:29,700) [INFO] 현재 결측값으로 등록된 값은 다음과 같습니다. (at run.py)
(2024-04-11 14:17:29,700) [INFO] ['?', 'na', 'null', 'Null', 'NULL', ' ', '[NULL]', 'nan', 'np.nan'] (at run.py)
(2024-04-11 14:17:29,700) [INFO] 결측값 추가 등록을 원하시면 config.json 파일 내 naList 값에 추가 시 반영됩니다. (at run.py)
(2024-04-11 14:17:29,700) [INFO] [32m[Step 3] 사전에 등록된 결측값 확인 완료[0m (at run.py)
(2024-04-11 14:17:29,700) [INFO] ================================================== (at run.py)
(2024-04-11 14:17:29,700) [INFO] [32m[Step 4] QC 사전 정보 확인 시작[0m (at run.py)
(2024-04-11 14:17:29,700) [INFO] ------------------------------ (at run.py)
(2024-04-11 14:17:29,700) [INFO] [Step 4-1] 데이터 자체 정보 확인 시작 (at run.py)
(2024-04-11 14:17:29,700) [INFO] 1 번째 데이터명: 원자재_종가_데이터 (at run.py)
(2024-04-11 14:17:29,700) [INFO] 2 번째 데이터명: ZBZ_TX_HISTORY (at run.py)
(2024-04-11 14:17:29,700) [INFO] 3 번째 데이터명: CAB_RIDES (at run.py)
(2024-04-11 14:17:29,700) [INFO] 4 번째 데이터명: CNT_TX_HISTORY (at run.py)
(2024-04-11 14:17:29,700) [INFO] 5 번째 데이터명: ZTC_TX_HISTORY (at run.py)
(2024-04-11 14:17:29,700) [INFO] [Step 4-1] 데이터 자체 정보 확인 완료 (at run.py)
(2024-04-11 14:17:29,700) [INFO] ------------------------------ (at run.py)
(2024-04-11 14:17:29,700) [INFO] [Step 4-2] 정의서 문서 정보 확인 시작 (at run.py)
(2024-04-11 14:17:29,700) [INFO] 테이블 정의서 내 원자재_종가_데이터 정보 확인 시작 (at run.py)
(2024-04-11 14:17:29,701) [INFO] 테이블 정의서에 원자재_종가_데이터 테이블 정보가 존재하지 않습니다. (at run.py)
(2024-04-11 14:17:29,701) [INFO] 테이블 정의서 내 원자재_종가_데이터 정보 확인 완료 (at run.py)
(2024-04-11 14:17:29,701) [INFO] 코드 정의서 내 원자재_종가_데이터 정보 확인 시작 (at run.py)
(2024-04-11 14:17:29,701) [INFO] 코드 정의서 내 원자재_종가_데이터 정보 확인 완료 (at run.py)
(2024-04-11 14:17:29,701) [INFO] 컬럼 정의서 내 원자재_종가_데이터 정보 확인 시작 (at run.py)
(2024-04-11 14:17:29,702) [INFO] 컬럼 정의서에 원자재_종가_데이터 테이블의 컬럼 정보가 존재하지 않습니다. (at run.py)
(2024-04-11 14:17:29,702) [INFO] 테이블 정의서 내 ZBZ_TX_HISTORY 정보 확인 시작 (at run.py)
(2024-04-11 14:17:29,702) [INFO] 테이블 정의서에 ZBZ_TX_HISTORY 테이블 정보가 존재합니다. (at run.py)
(2024-04-11 14:17:29,703) [INFO] 테이블 정의서 내 ZBZ_TX_HISTORY 정보 확인 완료 (at run.py)
(2024-04-11 14:17:29,703) [INFO] 코드 정의서 내 ZBZ_TX_HISTORY 정보 확인 시작 (at run.py)
(2024-04-11 14:17:29,703) [INFO] 코드 정의서 내 ZBZ_TX_HISTORY 정보 확인 완료 (at run.py)
(2024-04-11 14:17:29,703) [INFO] 컬럼 정의서 내 ZBZ_TX_HISTORY 정보 확인 시작 (at run.py)
(2024-04-11 14:17:29,703) [INFO] 컬럼 정의서에 ZBZ_TX_HISTORY 테이블의 컬럼 정보가 존재합니다. (at run.py)
(2024-04-11 14:17:29,703) [INFO] 컬럼 정의서에 ZBZ_TX_HISTORY 테이블의 TX HASH 컬럼 정보가 존재합니다. (at run.py)
(2024-04-11 14:17:29,704) [INFO] 컬럼 정의서에 ZBZ_TX_HISTORY 테이블의 BLOCK # 컬럼 정보가 존재합니다. (at run.py)
(2024-04-11 14:17:29,704) [INFO] 컬럼 정의서에 ZBZ_TX_HISTORY 테이블의 TIME(KST) 컬럼 정보가 존재합니다. (at run.py)
(2024-04-11 14:17:29,704) [INFO] 컬럼 정의서에 ZBZ_TX_HISTORY 테이블의 FROM 컬럼 정보가 존재합니다. (at run.py)
(2024-04-11 14:17:29,705) [INFO] 컬럼 정의서에 ZBZ_TX_HISTORY 테이블의 TO 컬럼 정보가 존재합니다. (at run.py)
(2024-04-11 14:17:29,705) [INFO] 컬럼 정의서에 ZBZ_TX_HISTORY 테이블의 AMOUNT 컬럼 정보가 존재합니다. (at run.py)
(2024-04-11 14:17:29,705) [INFO] 컬럼 정의서에 ZBZ_TX_HISTORY 테이블의 TOKEN ADDRESS 컬럼 정보가 존재합니다. (at run.py)
(2024-04-11 14:17:29,706) [INFO] 컬럼 정의서에 ZBZ_TX_HISTORY 테이블의 TOKEN NAME 컬럼 정보가 존재합니다. (at run.py)
(2024-04-11 14:17:29,706) [INFO] 컬럼 정의서에 ZBZ_TX_HISTORY 테이블의 TOKEN SYMBOL 컬럼 정보가 존재합니다. (at run.py)
(2024-04-11 14:17:29,706) [INFO] 테이블 정의서 내 CAB_RIDES 정보 확인 시작 (at run.py)
(2024-04-11 14:17:29,706) [INFO] 테이블 정의서에 CAB_RIDES 테이블 정보가 존재합니다. (at run.py)
(2024-04-11 14:17:29,707) [INFO] 테이블 정의서 내 CAB_RIDES 정보 확인 완료 (at run.py)
(2024-04-11 14:17:29,707) [INFO] 코드 정의서 내 CAB_RIDES 정보 확인 시작 (at run.py)
(2024-04-11 14:17:29,707) [INFO] 코드 정의서 내 CAB_RIDES 정보 확인 완료 (at run.py)
(2024-04-11 14:17:29,707) [INFO] 컬럼 정의서 내 CAB_RIDES 정보 확인 시작 (at run.py)
(2024-04-11 14:17:29,708) [INFO] 컬럼 정의서에 CAB_RIDES 테이블의 컬럼 정보가 존재합니다. (at run.py)
(2024-04-11 14:17:29,708) [INFO] 컬럼 정의서에 CAB_RIDES 테이블의 distance 컬럼 정보가 존재합니다. (at run.py)
(2024-04-11 14:17:29,708) [INFO] 컬럼 정의서에 CAB_RIDES 테이블의 cab_type 컬럼 정보가 존재합니다. (at run.py)
(2024-04-11 14:17:29,708) [INFO] 컬럼 정의서에 CAB_RIDES 테이블의 time_stamp 컬럼 정보가 존재합니다. (at run.py)
(2024-04-11 14:17:29,709) [INFO] 컬럼 정의서에 CAB_RIDES 테이블의 destination 컬럼 정보가 존재합니다. (at run.py)
(2024-04-11 14:17:29,709) [INFO] 컬럼 정의서에 CAB_RIDES 테이블의 source 컬럼 정보가 존재합니다. (at run.py)
(2024-04-11 14:17:29,709) [INFO] 컬럼 정의서에 CAB_RIDES 테이블의 price 컬럼 정보가 존재합니다. (at run.py)
(2024-04-11 14:17:29,710) [INFO] 컬럼 정의서에 CAB_RIDES 테이블의 surge_multiplier 컬럼 정보가 존재합니다. (at run.py)
(2024-04-11 14:17:29,710) [INFO] 컬럼 정의서에 CAB_RIDES 테이블의 id 컬럼 정보가 존재합니다. (at run.py)
(2024-04-11 14:17:29,710) [INFO] 컬럼 정의서에 CAB_RIDES 테이블의 product_id 컬럼 정보가 존재합니다. (at run.py)
(2024-04-11 14:17:29,711) [INFO] 컬럼 정의서에 CAB_RIDES 테이블의 name 컬럼 정보가 존재합니다. (at run.py)
(2024-04-11 14:17:29,711) [INFO] 테이블 정의서 내 CNT_TX_HISTORY 정보 확인 시작 (at run.py)
(2024-04-11 14:17:29,711) [INFO] 테이블 정의서에 CNT_TX_HISTORY 테이블 정보가 존재합니다. (at run.py)
(2024-04-11 14:17:29,711) [INFO] 테이블 정의서 내 CNT_TX_HISTORY 정보 확인 완료 (at run.py)
(2024-04-11 14:17:29,711) [INFO] 코드 정의서 내 CNT_TX_HISTORY 정보 확인 시작 (at run.py)
(2024-04-11 14:17:29,712) [INFO] 코드 정의서 내 CNT_TX_HISTORY 정보 확인 완료 (at run.py)
(2024-04-11 14:17:29,712) [INFO] 컬럼 정의서 내 CNT_TX_HISTORY 정보 확인 시작 (at run.py)
(2024-04-11 14:17:29,712) [INFO] 컬럼 정의서에 CNT_TX_HISTORY 테이블의 컬럼 정보가 존재합니다. (at run.py)
(2024-04-11 14:17:29,712) [INFO] 컬럼 정의서에 CNT_TX_HISTORY 테이블의 TX HASH 컬럼 정보가 존재합니다. (at run.py)
(2024-04-11 14:17:29,712) [INFO] 컬럼 정의서에 CNT_TX_HISTORY 테이블의 BLOCK # 컬럼 정보가 존재합니다. (at run.py)
(2024-04-11 14:17:29,713) [INFO] 컬럼 정의서에 CNT_TX_HISTORY 테이블의 TIME(KST) 컬럼 정보가 존재합니다. (at run.py)
(2024-04-11 14:17:29,713) [INFO] 컬럼 정의서에 CNT_TX_HISTORY 테이블의 FROM 컬럼 정보가 존재합니다. (at run.py)
(2024-04-11 14:17:29,713) [INFO] 컬럼 정의서에 CNT_TX_HISTORY 테이블의 TO 컬럼 정보가 존재합니다. (at run.py)
(2024-04-11 14:17:29,714) [INFO] 컬럼 정의서에 CNT_TX_HISTORY 테이블의 AMOUNT 컬럼 정보가 존재합니다. (at run.py)
(2024-04-11 14:17:29,714) [INFO] 컬럼 정의서에 CNT_TX_HISTORY 테이블의 TOKEN ADDRESS 컬럼 정보가 존재합니다. (at run.py)
(2024-04-11 14:17:29,714) [INFO] 컬럼 정의서에 CNT_TX_HISTORY 테이블의 TOKEN NAME 컬럼 정보가 존재합니다. (at run.py)
(2024-04-11 14:17:29,714) [INFO] 컬럼 정의서에 CNT_TX_HISTORY 테이블의 TOKEN SYMBOL 컬럼 정보가 존재합니다. (at run.py)
(2024-04-11 14:17:29,715) [INFO] 테이블 정의서 내 ZTC_TX_HISTORY 정보 확인 시작 (at run.py)
(2024-04-11 14:17:29,715) [INFO] 테이블 정의서에 ZTC_TX_HISTORY 테이블 정보가 존재합니다. (at run.py)
(2024-04-11 14:17:29,715) [INFO] 테이블 정의서 내 ZTC_TX_HISTORY 정보 확인 완료 (at run.py)
(2024-04-11 14:17:29,715) [INFO] 코드 정의서 내 ZTC_TX_HISTORY 정보 확인 시작 (at run.py)
(2024-04-11 14:17:29,715) [INFO] 코드 정의서 내 ZTC_TX_HISTORY 정보 확인 완료 (at run.py)
(2024-04-11 14:17:29,716) [INFO] 컬럼 정의서 내 ZTC_TX_HISTORY 정보 확인 시작 (at run.py)
(2024-04-11 14:17:29,716) [INFO] 컬럼 정의서에 ZTC_TX_HISTORY 테이블의 컬럼 정보가 존재합니다. (at run.py)
(2024-04-11 14:17:29,716) [INFO] 컬럼 정의서에 ZTC_TX_HISTORY 테이블의 TX HASH 컬럼 정보가 존재합니다. (at run.py)
(2024-04-11 14:17:29,716) [INFO] 컬럼 정의서에 ZTC_TX_HISTORY 테이블의 BLOCK # 컬럼 정보가 존재합니다. (at run.py)
(2024-04-11 14:17:29,717) [INFO] 컬럼 정의서에 ZTC_TX_HISTORY 테이블의 TIME(KST) 컬럼 정보가 존재합니다. (at run.py)
(2024-04-11 14:17:29,717) [INFO] 컬럼 정의서에 ZTC_TX_HISTORY 테이블의 FROM 컬럼 정보가 존재합니다. (at run.py)
(2024-04-11 14:17:29,717) [INFO] 컬럼 정의서에 ZTC_TX_HISTORY 테이블의 TO 컬럼 정보가 존재합니다. (at run.py)
(2024-04-11 14:17:29,717) [INFO] 컬럼 정의서에 ZTC_TX_HISTORY 테이블의 AMOUNT 컬럼 정보가 존재합니다. (at run.py)
(2024-04-11 14:17:29,718) [INFO] 컬럼 정의서에 ZTC_TX_HISTORY 테이블의 TOKEN ADDRESS 컬럼 정보가 존재합니다. (at run.py)
(2024-04-11 14:17:29,718) [INFO] 컬럼 정의서에 ZTC_TX_HISTORY 테이블의 TOKEN NAME 컬럼 정보가 존재합니다. (at run.py)
(2024-04-11 14:17:29,718) [INFO] 컬럼 정의서에 ZTC_TX_HISTORY 테이블의 TOKEN SYMBOL 컬럼 정보가 존재합니다. (at run.py)
(2024-04-11 14:17:29,719) [INFO] [Step 4-2] 정의서 문서 정보 확인 완료 (at run.py)
(2024-04-11 14:17:29,719) [INFO] [32m[Step 4] QC 사전 정보 확인 완료[0m (at run.py)
(2024-04-11 14:17:29,719) [INFO] ================================================== (at run.py)
(2024-04-11 14:17:29,719) [INFO] [32m[Step 5] 항목별 데이터 QC 시작[0m (at run.py)
(2024-04-11 14:17:29,719) [INFO] [원자재_종가_데이터] QC 시작 (at run.py)
(2024-04-11 14:17:29,760) [INFO] [원자재_종가_데이터] QC 완료 (at run.py)
(2024-04-11 14:17:29,760) [INFO] [ZBZ_TX_HISTORY] QC 시작 (at run.py)
(2024-04-11 14:17:29,774) [INFO] [ZBZ_TX_HISTORY] QC 완료 (at run.py)
(2024-04-11 14:17:29,774) [INFO] [CAB_RIDES] QC 시작 (at run.py)
(2024-04-11 14:17:35,372) [INFO] [CAB_RIDES] QC 완료 (at run.py)
(2024-04-11 14:17:35,372) [INFO] [CNT_TX_HISTORY] QC 시작 (at run.py)
(2024-04-11 14:17:35,403) [INFO] [CNT_TX_HISTORY] QC 완료 (at run.py)
(2024-04-11 14:17:35,403) [INFO] [ZTC_TX_HISTORY] QC 시작 (at run.py)
(2024-04-11 14:17:35,959) [INFO] [ZTC_TX_HISTORY] QC 완료 (at run.py)
(2024-04-11 14:17:35,959) [INFO] [32m[Step 5] 항목별 데이터 QC 완료[0m (at run.py)
(2024-04-11 14:17:35,959) [INFO] ================================================== (at run.py)
(2024-04-11 14:17:35,959) [INFO] [32m[Step 6] 데이터 QC 결과 저장 작업 시작[0m (at run.py)
(2024-04-11 14:17:35,966) [INFO] 테이블 리스트 시트 생성 완료 (at run.py)
(2024-04-11 14:17:36,011) [INFO] 5 / 5 번째 엑셀 시트 생성 완료 (at run.py)
(2024-04-11 14:17:36,063) [INFO] 테이블 리스트 시트 서식 편집 완료 (at run.py)
(2024-04-11 14:17:36,209) [INFO] 5 / 5 번째 엑셀 시트 서식 편집 완료 (at run.py)
(2024-04-11 14:17:36,231) [INFO] [32m[Step 6] 데이터 QC 결과 저장 작업 완료[0m (at run.py)
(2024-04-11 14:17:36,231) [INFO] [32m모든 QC 프로세스가 완료되었습니다.[0m (at run.py)
(2024-04-11 14:17:36,231) [INFO] 소요시간: 00:00:09 (at run.py)
(2024-04-11 14:17:36,231) [INFO] 산출물 파일 경로: [34m/Users/donghyun/Desktop/mata/01_work/2024/NexR_qc/output/QC결과서_20240411_141735.xlsx[0m (at run.py)
