(2024-05-09 14:03:11,541) [INFO] ================================================== (at run.py)
(2024-05-09 14:03:11,542) [INFO] [32m[Step 1] 데이터 파일 존재 여부 확인 시작[0m (at run.py)
(2024-05-09 14:03:11,542) [INFO] 총 5 개의 데이터 파일이 존재합니다. (at run.py)
(2024-05-09 14:03:16,118) [INFO] [32m[Step 1] 데이터 파일 존재 여부 확인 완료[0m (at run.py)
(2024-05-09 14:03:16,120) [INFO] ================================================== (at run.py)
(2024-05-09 14:03:16,120) [INFO] [32m[Step 2] 정의서 파일 존재 여부 확인 시작[0m (at run.py)
(2024-05-09 14:03:16,148) [INFO] [테이블정의서] 참고할 문서 파일 경로: /Users/donghyun/Desktop/mata/01_work/2024/NexR_qc/documents/data1/테이블정의서.xlsx (at run.py)
(2024-05-09 14:03:16,180) [INFO] [컬럼정의서] 참고할 문서 파일 경로: /Users/donghyun/Desktop/mata/01_work/2024/NexR_qc/documents/data1/컬럼정의서.xlsx (at run.py)
(2024-05-09 14:03:16,188) [INFO] [코드정의서] 참고할 문서 파일 경로: /Users/donghyun/Desktop/mata/01_work/2024/NexR_qc/documents/data1/코드정의서.xlsx (at run.py)
(2024-05-09 14:03:16,188) [INFO] [32m[Step 2] 정의서 파일 존재 여부를 확인 완료[0m (at run.py)
(2024-05-09 14:03:16,188) [INFO] ================================================== (at run.py)
(2024-05-09 14:03:16,188) [INFO] [32m[Step 3] 사전에 등록된 결측값 확인 시작[0m (at run.py)
(2024-05-09 14:03:16,188) [INFO] 현재 결측값으로 등록된 값은 다음과 같습니다. (at run.py)
(2024-05-09 14:03:16,188) [INFO] ['?', 'na', 'null', 'Null', 'NULL', ' ', '[NULL]', 'nan', 'np.nan'] (at run.py)
(2024-05-09 14:03:16,188) [INFO] 결측값 추가 등록을 원하시면 config.json 파일 내 naList 값에 추가 시 반영됩니다. (at run.py)
(2024-05-09 14:03:16,188) [INFO] [32m[Step 3] 사전에 등록된 결측값 확인 완료[0m (at run.py)
(2024-05-09 14:03:16,188) [INFO] ================================================== (at run.py)
(2024-05-09 14:03:16,189) [INFO] [32m[Step 4] QC 사전 정보 확인 시작[0m (at run.py)
(2024-05-09 14:03:16,189) [INFO] ------------------------------ (at run.py)
(2024-05-09 14:03:16,189) [INFO] [Step 4-1] 데이터 자체 정보 확인 시작 (at run.py)
(2024-05-09 14:03:16,189) [INFO] 1 번째 데이터명: 원자재_종가_데이터.CSV (at run.py)
(2024-05-09 14:03:16,189) [INFO] 2 번째 데이터명: ZBZ_TX_HISTORY.CSV (at run.py)
(2024-05-09 14:03:16,189) [INFO] 3 번째 데이터명: CAB_RIDES.CSV (at run.py)
(2024-05-09 14:03:16,189) [INFO] 4 번째 데이터명: CNT_TX_HISTORY.CSV (at run.py)
(2024-05-09 14:03:16,189) [INFO] 5 번째 데이터명: ZTC_TX_HISTORY.CSV (at run.py)
(2024-05-09 14:03:16,189) [INFO] [Step 4-1] 데이터 자체 정보 확인 완료 (at run.py)
(2024-05-09 14:03:16,189) [INFO] ------------------------------ (at run.py)
(2024-05-09 14:03:16,189) [INFO] [Step 4-2] 정의서 문서 정보 확인 시작 (at run.py)
(2024-05-09 14:03:16,189) [INFO] 테이블 정의서 내 원자재_종가_데이터.CSV 정보 확인 시작 (at run.py)
(2024-05-09 14:03:16,189) [INFO] 테이블 정의서에 원자재_종가_데이터.CSV 테이블 정보가 존재하지 않습니다. (at run.py)
(2024-05-09 14:03:16,189) [INFO] 테이블 정의서 내 원자재_종가_데이터.CSV 정보 확인 완료 (at run.py)
(2024-05-09 14:03:16,189) [INFO] 코드 정의서 내 원자재_종가_데이터.CSV 정보 확인 시작 (at run.py)
(2024-05-09 14:03:16,190) [INFO] 코드 정의서 내 원자재_종가_데이터.CSV 정보 확인 완료 (at run.py)
(2024-05-09 14:03:16,190) [INFO] 컬럼 정의서 내 원자재_종가_데이터.CSV 정보 확인 시작 (at run.py)
(2024-05-09 14:03:16,190) [INFO] 컬럼 정의서에 원자재_종가_데이터.CSV 테이블의 컬럼 정보가 존재하지 않습니다. (at run.py)
(2024-05-09 14:03:16,190) [INFO] 테이블 정의서 내 ZBZ_TX_HISTORY.CSV 정보 확인 시작 (at run.py)
(2024-05-09 14:03:16,190) [INFO] 테이블 정의서에 ZBZ_TX_HISTORY.CSV 테이블 정보가 존재하지 않습니다. (at run.py)
(2024-05-09 14:03:16,191) [INFO] 테이블 정의서 내 ZBZ_TX_HISTORY.CSV 정보 확인 완료 (at run.py)
(2024-05-09 14:03:16,191) [INFO] 코드 정의서 내 ZBZ_TX_HISTORY.CSV 정보 확인 시작 (at run.py)
(2024-05-09 14:03:16,191) [INFO] 코드 정의서 내 ZBZ_TX_HISTORY.CSV 정보 확인 완료 (at run.py)
(2024-05-09 14:03:16,191) [INFO] 컬럼 정의서 내 ZBZ_TX_HISTORY.CSV 정보 확인 시작 (at run.py)
(2024-05-09 14:03:16,191) [INFO] 컬럼 정의서에 ZBZ_TX_HISTORY.CSV 테이블의 컬럼 정보가 존재하지 않습니다. (at run.py)
(2024-05-09 14:03:16,191) [INFO] 테이블 정의서 내 CAB_RIDES.CSV 정보 확인 시작 (at run.py)
(2024-05-09 14:03:16,191) [INFO] 테이블 정의서에 CAB_RIDES.CSV 테이블 정보가 존재하지 않습니다. (at run.py)
(2024-05-09 14:03:16,192) [INFO] 테이블 정의서 내 CAB_RIDES.CSV 정보 확인 완료 (at run.py)
(2024-05-09 14:03:16,192) [INFO] 코드 정의서 내 CAB_RIDES.CSV 정보 확인 시작 (at run.py)
(2024-05-09 14:03:16,192) [INFO] 코드 정의서 내 CAB_RIDES.CSV 정보 확인 완료 (at run.py)
(2024-05-09 14:03:16,192) [INFO] 컬럼 정의서 내 CAB_RIDES.CSV 정보 확인 시작 (at run.py)
(2024-05-09 14:03:16,192) [INFO] 컬럼 정의서에 CAB_RIDES.CSV 테이블의 컬럼 정보가 존재하지 않습니다. (at run.py)
(2024-05-09 14:03:16,192) [INFO] 테이블 정의서 내 CNT_TX_HISTORY.CSV 정보 확인 시작 (at run.py)
(2024-05-09 14:03:16,192) [INFO] 테이블 정의서에 CNT_TX_HISTORY.CSV 테이블 정보가 존재하지 않습니다. (at run.py)
(2024-05-09 14:03:16,192) [INFO] 테이블 정의서 내 CNT_TX_HISTORY.CSV 정보 확인 완료 (at run.py)
(2024-05-09 14:03:16,192) [INFO] 코드 정의서 내 CNT_TX_HISTORY.CSV 정보 확인 시작 (at run.py)
(2024-05-09 14:03:16,193) [INFO] 코드 정의서 내 CNT_TX_HISTORY.CSV 정보 확인 완료 (at run.py)
(2024-05-09 14:03:16,193) [INFO] 컬럼 정의서 내 CNT_TX_HISTORY.CSV 정보 확인 시작 (at run.py)
(2024-05-09 14:03:16,193) [INFO] 컬럼 정의서에 CNT_TX_HISTORY.CSV 테이블의 컬럼 정보가 존재하지 않습니다. (at run.py)
(2024-05-09 14:03:16,193) [INFO] 테이블 정의서 내 ZTC_TX_HISTORY.CSV 정보 확인 시작 (at run.py)
(2024-05-09 14:03:16,193) [INFO] 테이블 정의서에 ZTC_TX_HISTORY.CSV 테이블 정보가 존재하지 않습니다. (at run.py)
(2024-05-09 14:03:16,193) [INFO] 테이블 정의서 내 ZTC_TX_HISTORY.CSV 정보 확인 완료 (at run.py)
(2024-05-09 14:03:16,193) [INFO] 코드 정의서 내 ZTC_TX_HISTORY.CSV 정보 확인 시작 (at run.py)
(2024-05-09 14:03:16,193) [INFO] 코드 정의서 내 ZTC_TX_HISTORY.CSV 정보 확인 완료 (at run.py)
(2024-05-09 14:03:16,193) [INFO] 컬럼 정의서 내 ZTC_TX_HISTORY.CSV 정보 확인 시작 (at run.py)
(2024-05-09 14:03:16,194) [INFO] 컬럼 정의서에 ZTC_TX_HISTORY.CSV 테이블의 컬럼 정보가 존재하지 않습니다. (at run.py)
(2024-05-09 14:03:16,194) [INFO] [Step 4-2] 정의서 문서 정보 확인 완료 (at run.py)
(2024-05-09 14:03:16,194) [INFO] [32m[Step 4] QC 사전 정보 확인 완료[0m (at run.py)
(2024-05-09 14:03:16,194) [INFO] ================================================== (at run.py)
(2024-05-09 14:03:16,194) [INFO] [32m[Step 5] 항목별 데이터 QC 시작[0m (at run.py)
(2024-05-09 14:03:16,194) [INFO] [원자재_종가_데이터.CSV] QC 시작 (at run.py)
(2024-05-09 14:03:16,234) [INFO] [원자재_종가_데이터.CSV] QC 완료 (at run.py)
(2024-05-09 14:03:16,234) [INFO] [ZBZ_TX_HISTORY.CSV] QC 시작 (at run.py)
(2024-05-09 14:03:16,246) [INFO] [ZBZ_TX_HISTORY.CSV] QC 완료 (at run.py)
(2024-05-09 14:03:16,246) [INFO] [CAB_RIDES.CSV] QC 시작 (at run.py)
(2024-05-09 14:03:21,794) [INFO] [CAB_RIDES.CSV] QC 완료 (at run.py)
(2024-05-09 14:03:21,794) [INFO] [CNT_TX_HISTORY.CSV] QC 시작 (at run.py)
(2024-05-09 14:03:21,822) [INFO] [CNT_TX_HISTORY.CSV] QC 완료 (at run.py)
(2024-05-09 14:03:21,823) [INFO] [ZTC_TX_HISTORY.CSV] QC 시작 (at run.py)
(2024-05-09 14:03:22,356) [INFO] [ZTC_TX_HISTORY.CSV] QC 완료 (at run.py)
(2024-05-09 14:03:22,356) [INFO] [32m[Step 5] 항목별 데이터 QC 완료[0m (at run.py)
(2024-05-09 14:03:22,356) [INFO] ================================================== (at run.py)
(2024-05-09 14:03:22,356) [INFO] [32m[Step 6] 데이터 QC 결과 저장 작업 시작[0m (at run.py)
(2024-05-09 14:03:22,363) [INFO] 테이블 리스트 시트 생성 완료 (at run.py)
(2024-05-09 14:03:22,408) [INFO] 5 / 5 번째 엑셀 시트 생성 완료 (at run.py)
(2024-05-09 14:03:22,458) [INFO] 테이블 리스트 시트 서식 편집 완료 (at run.py)
(2024-05-09 14:03:22,607) [INFO] 5 / 5 번째 엑셀 시트 서식 편집 완료 (at run.py)
(2024-05-09 14:03:22,628) [INFO] [32m[Step 6] 데이터 QC 결과 저장 작업 완료[0m (at run.py)
(2024-05-09 14:03:22,628) [INFO] [32m모든 QC 프로세스가 완료되었습니다.[0m (at run.py)
(2024-05-09 14:03:22,628) [INFO] 소요시간: 00:00:11 (at run.py)
(2024-05-09 14:03:22,628) [INFO] 산출물 파일 경로: [34m/Users/donghyun/Desktop/mata/01_work/2024/NexR_qc/output/data1/QC결과서_20240509_140322.xlsx[0m (at run.py)
